<?xml version="1.0" encoding="UTF-8"?>
<robot generator="Robot 6.1.1 (Python 3.8.0 on win32)" generated="20240108 13:50:13.115" rpa="false" schemaversion="4">
<suite id="s1" name="OperatingSystemScript" source="C:\development\robot-scripts\OperatingSystemLibrary\Tests\OperatingSystemScript.robot">
<test id="s1-t1" name="Create Some Directories" line="10">
<kw name="Create Base Directory" library="OperatingSystemApp">
<kw name="Create Directory" library="OperatingSystem">
<arg>${base_directory}</arg>
<doc>Creates the specified directory.</doc>
<msg timestamp="20240108 13:50:13.154" level="INFO" html="true">Created directory '&lt;a href="file://C:\development\robot-scripts\OperatingSystemLibrary\Outputs"&gt;C:\development\robot-scripts\OperatingSystemLibrary\Outputs&lt;/a&gt;'.</msg>
<status status="PASS" starttime="20240108 13:50:13.153" endtime="20240108 13:50:13.154"/>
</kw>
<kw name="Should Exist" library="OperatingSystem">
<arg>${base_directory}</arg>
<doc>Fails unless the given path (file or directory) exists.</doc>
<msg timestamp="20240108 13:50:13.154" level="INFO" html="true">Path '&lt;a href="file://C:\development\robot-scripts\OperatingSystemLibrary\Outputs"&gt;C:\development\robot-scripts\OperatingSystemLibrary\Outputs&lt;/a&gt;' exists.</msg>
<status status="PASS" starttime="20240108 13:50:13.154" endtime="20240108 13:50:13.154"/>
</kw>
<status status="PASS" starttime="20240108 13:50:13.153" endtime="20240108 13:50:13.154"/>
</kw>
<kw name="Create Directory 1" library="OperatingSystemApp">
<kw name="Join Path" library="OperatingSystem">
<var>${directory_path}</var>
<arg>${base_directory}</arg>
<arg>${directory_1}</arg>
<doc>Joins the given path part(s) to the given base path.</doc>
<msg timestamp="20240108 13:50:13.155" level="INFO">${directory_path} = Outputs\First Directory</msg>
<status status="PASS" starttime="20240108 13:50:13.155" endtime="20240108 13:50:13.155"/>
</kw>
<kw name="Create Directory" library="OperatingSystem">
<arg>${directory_path}</arg>
<doc>Creates the specified directory.</doc>
<msg timestamp="20240108 13:50:13.156" level="INFO" html="true">Created directory '&lt;a href="file://C:\development\robot-scripts\OperatingSystemLibrary\Outputs\First Directory"&gt;C:\development\robot-scripts\OperatingSystemLibrary\Outputs\First Directory&lt;/a&gt;'.</msg>
<status status="PASS" starttime="20240108 13:50:13.155" endtime="20240108 13:50:13.156"/>
</kw>
<kw name="Should Exist" library="OperatingSystem">
<arg>${directory_path}</arg>
<doc>Fails unless the given path (file or directory) exists.</doc>
<msg timestamp="20240108 13:50:13.156" level="INFO" html="true">Path '&lt;a href="file://C:\development\robot-scripts\OperatingSystemLibrary\Outputs\First Directory"&gt;C:\development\robot-scripts\OperatingSystemLibrary\Outputs\First Directory&lt;/a&gt;' exists.</msg>
<status status="PASS" starttime="20240108 13:50:13.156" endtime="20240108 13:50:13.156"/>
</kw>
<status status="PASS" starttime="20240108 13:50:13.155" endtime="20240108 13:50:13.156"/>
</kw>
<kw name="Create Directory 2" library="OperatingSystemApp">
<kw name="Join Path" library="OperatingSystem">
<var>${directory_path}</var>
<arg>${base_directory}</arg>
<arg>${directory_2}</arg>
<doc>Joins the given path part(s) to the given base path.</doc>
<msg timestamp="20240108 13:50:13.157" level="INFO">${directory_path} = Outputs\Second Directory</msg>
<status status="PASS" starttime="20240108 13:50:13.157" endtime="20240108 13:50:13.157"/>
</kw>
<kw name="Create Directory" library="OperatingSystem">
<arg>${directory_path}</arg>
<doc>Creates the specified directory.</doc>
<msg timestamp="20240108 13:50:13.158" level="INFO" html="true">Created directory '&lt;a href="file://C:\development\robot-scripts\OperatingSystemLibrary\Outputs\Second Directory"&gt;C:\development\robot-scripts\OperatingSystemLibrary\Outputs\Second Directory&lt;/a&gt;'.</msg>
<status status="PASS" starttime="20240108 13:50:13.157" endtime="20240108 13:50:13.158"/>
</kw>
<kw name="Should Exist" library="OperatingSystem">
<arg>${directory_path}</arg>
<doc>Fails unless the given path (file or directory) exists.</doc>
<msg timestamp="20240108 13:50:13.158" level="INFO" html="true">Path '&lt;a href="file://C:\development\robot-scripts\OperatingSystemLibrary\Outputs\Second Directory"&gt;C:\development\robot-scripts\OperatingSystemLibrary\Outputs\Second Directory&lt;/a&gt;' exists.</msg>
<status status="PASS" starttime="20240108 13:50:13.158" endtime="20240108 13:50:13.158"/>
</kw>
<status status="PASS" starttime="20240108 13:50:13.157" endtime="20240108 13:50:13.158"/>
</kw>
<doc>OS - Directories Creation</doc>
<tag>OS Directories</tag>
<status status="PASS" starttime="20240108 13:50:13.152" endtime="20240108 13:50:13.159"/>
</test>
<test id="s1-t2" name="Create Test Files" line="17">
<kw name="Create First File" library="OperatingSystemApp">
<kw name="Join Path" library="OperatingSystem">
<var>${file_path}</var>
<arg>${base_directory}</arg>
<arg>${directory_1}</arg>
<arg>${file_1}</arg>
<doc>Joins the given path part(s) to the given base path.</doc>
<msg timestamp="20240108 13:50:13.161" level="INFO">${file_path} = Outputs\First Directory\first.txt</msg>
<status status="PASS" starttime="20240108 13:50:13.160" endtime="20240108 13:50:13.161"/>
</kw>
<kw name="Create File" library="OperatingSystem">
<arg>${file_path}</arg>
<arg>This is file 1</arg>
<doc>Creates a file with the given content and encoding.</doc>
<msg timestamp="20240108 13:50:13.162" level="INFO" html="true">Created file '&lt;a href="file://C:\development\robot-scripts\OperatingSystemLibrary\Outputs\First Directory\first.txt"&gt;C:\development\robot-scripts\OperatingSystemLibrary\Outputs\First Directory\first.txt&lt;/a&gt;'.</msg>
<status status="PASS" starttime="20240108 13:50:13.161" endtime="20240108 13:50:13.162"/>
</kw>
<kw name="Should Exist" library="OperatingSystem">
<arg>${file_path}</arg>
<doc>Fails unless the given path (file or directory) exists.</doc>
<msg timestamp="20240108 13:50:13.162" level="INFO" html="true">Path '&lt;a href="file://C:\development\robot-scripts\OperatingSystemLibrary\Outputs\First Directory\first.txt"&gt;C:\development\robot-scripts\OperatingSystemLibrary\Outputs\First Directory\first.txt&lt;/a&gt;' exists.</msg>
<status status="PASS" starttime="20240108 13:50:13.162" endtime="20240108 13:50:13.163"/>
</kw>
<status status="PASS" starttime="20240108 13:50:13.160" endtime="20240108 13:50:13.163"/>
</kw>
<kw name="Create Second File" library="OperatingSystemApp">
<kw name="Join Path" library="OperatingSystem">
<var>${file_path}</var>
<arg>${base_directory}</arg>
<arg>${directory_2}</arg>
<arg>${file_2}</arg>
<doc>Joins the given path part(s) to the given base path.</doc>
<msg timestamp="20240108 13:50:13.164" level="INFO">${file_path} = Outputs\Second Directory\second.txt</msg>
<status status="PASS" starttime="20240108 13:50:13.163" endtime="20240108 13:50:13.164"/>
</kw>
<kw name="Create File" library="OperatingSystem">
<arg>${file_path}</arg>
<arg>This is file 2</arg>
<doc>Creates a file with the given content and encoding.</doc>
<msg timestamp="20240108 13:50:13.165" level="INFO" html="true">Created file '&lt;a href="file://C:\development\robot-scripts\OperatingSystemLibrary\Outputs\Second Directory\second.txt"&gt;C:\development\robot-scripts\OperatingSystemLibrary\Outputs\Second Directory\second.txt&lt;/a&gt;'.</msg>
<status status="PASS" starttime="20240108 13:50:13.164" endtime="20240108 13:50:13.165"/>
</kw>
<kw name="Should Exist" library="OperatingSystem">
<arg>${file_path}</arg>
<doc>Fails unless the given path (file or directory) exists.</doc>
<msg timestamp="20240108 13:50:13.165" level="INFO" html="true">Path '&lt;a href="file://C:\development\robot-scripts\OperatingSystemLibrary\Outputs\Second Directory\second.txt"&gt;C:\development\robot-scripts\OperatingSystemLibrary\Outputs\Second Directory\second.txt&lt;/a&gt;' exists.</msg>
<status status="PASS" starttime="20240108 13:50:13.165" endtime="20240108 13:50:13.166"/>
</kw>
<status status="PASS" starttime="20240108 13:50:13.163" endtime="20240108 13:50:13.166"/>
</kw>
<kw name="Create Third File" library="OperatingSystemApp">
<kw name="Join Path" library="OperatingSystem">
<var>${file_path}</var>
<arg>${base_directory}</arg>
<arg>${directory_2}</arg>
<arg>${file_3}</arg>
<doc>Joins the given path part(s) to the given base path.</doc>
<msg timestamp="20240108 13:50:13.167" level="INFO">${file_path} = Outputs\Second Directory\third.txt</msg>
<status status="PASS" starttime="20240108 13:50:13.166" endtime="20240108 13:50:13.167"/>
</kw>
<kw name="Create File" library="OperatingSystem">
<arg>${file_path}</arg>
<arg>This is file 3</arg>
<doc>Creates a file with the given content and encoding.</doc>
<msg timestamp="20240108 13:50:13.168" level="INFO" html="true">Created file '&lt;a href="file://C:\development\robot-scripts\OperatingSystemLibrary\Outputs\Second Directory\third.txt"&gt;C:\development\robot-scripts\OperatingSystemLibrary\Outputs\Second Directory\third.txt&lt;/a&gt;'.</msg>
<status status="PASS" starttime="20240108 13:50:13.167" endtime="20240108 13:50:13.168"/>
</kw>
<kw name="Should Exist" library="OperatingSystem">
<arg>${file_path}</arg>
<doc>Fails unless the given path (file or directory) exists.</doc>
<msg timestamp="20240108 13:50:13.168" level="INFO" html="true">Path '&lt;a href="file://C:\development\robot-scripts\OperatingSystemLibrary\Outputs\Second Directory\third.txt"&gt;C:\development\robot-scripts\OperatingSystemLibrary\Outputs\Second Directory\third.txt&lt;/a&gt;' exists.</msg>
<status status="PASS" starttime="20240108 13:50:13.168" endtime="20240108 13:50:13.168"/>
</kw>
<status status="PASS" starttime="20240108 13:50:13.166" endtime="20240108 13:50:13.168"/>
</kw>
<doc>OS - Create files</doc>
<tag>OS Files</tag>
<status status="PASS" starttime="20240108 13:50:13.160" endtime="20240108 13:50:13.169"/>
</test>
<test id="s1-t3" name="Moving File" line="24">
<kw name="Move Third File" library="OperatingSystemApp">
<kw name="Join Path" library="OperatingSystem">
<var>${source_path}</var>
<arg>${base_directory}</arg>
<arg>${directory_2}</arg>
<arg>${file_3}</arg>
<doc>Joins the given path part(s) to the given base path.</doc>
<msg timestamp="20240108 13:50:13.171" level="INFO">${source_path} = Outputs\Second Directory\third.txt</msg>
<status status="PASS" starttime="20240108 13:50:13.171" endtime="20240108 13:50:13.171"/>
</kw>
<kw name="Join Path" library="OperatingSystem">
<var>${target_path}</var>
<arg>${base_directory}</arg>
<arg>${directory_1}</arg>
<arg>${file_3}</arg>
<doc>Joins the given path part(s) to the given base path.</doc>
<msg timestamp="20240108 13:50:13.171" level="INFO">${target_path} = Outputs\First Directory\third.txt</msg>
<status status="PASS" starttime="20240108 13:50:13.171" endtime="20240108 13:50:13.171"/>
</kw>
<kw name="Move File" library="OperatingSystem">
<arg>${source_path}</arg>
<arg>${target_path}</arg>
<doc>Moves the source file into the destination.</doc>
<msg timestamp="20240108 13:50:13.173" level="INFO" html="true">Moved file from '&lt;a href="file://C:\development\robot-scripts\OperatingSystemLibrary\Outputs\Second Directory\third.txt"&gt;C:\development\robot-scripts\OperatingSystemLibrary\Outputs\Second Directory\third.txt&lt;/a&gt;' to '&lt;a href="file://C:\development\robot-scripts\OperatingSystemLibrary\Outputs\First Directory\third.txt"&gt;C:\development\robot-scripts\OperatingSystemLibrary\Outputs\First Directory\third.txt&lt;/a&gt;'.</msg>
<status status="PASS" starttime="20240108 13:50:13.171" endtime="20240108 13:50:13.173"/>
</kw>
<kw name="Should Exist" library="OperatingSystem">
<arg>${target_path}</arg>
<doc>Fails unless the given path (file or directory) exists.</doc>
<msg timestamp="20240108 13:50:13.174" level="INFO" html="true">Path '&lt;a href="file://C:\development\robot-scripts\OperatingSystemLibrary\Outputs\First Directory\third.txt"&gt;C:\development\robot-scripts\OperatingSystemLibrary\Outputs\First Directory\third.txt&lt;/a&gt;' exists.</msg>
<status status="PASS" starttime="20240108 13:50:13.173" endtime="20240108 13:50:13.174"/>
</kw>
<kw name="Should Not Exist" library="OperatingSystem">
<arg>${source_path}</arg>
<doc>Fails if the given path (file or directory) exists.</doc>
<msg timestamp="20240108 13:50:13.175" level="INFO" html="true">Path '&lt;a href="file://C:\development\robot-scripts\OperatingSystemLibrary\Outputs\Second Directory\third.txt"&gt;C:\development\robot-scripts\OperatingSystemLibrary\Outputs\Second Directory\third.txt&lt;/a&gt;' does not exist.</msg>
<status status="PASS" starttime="20240108 13:50:13.174" endtime="20240108 13:50:13.175"/>
</kw>
<status status="PASS" starttime="20240108 13:50:13.170" endtime="20240108 13:50:13.175"/>
</kw>
<doc>OS - Move File</doc>
<tag>File 3</tag>
<status status="PASS" starttime="20240108 13:50:13.170" endtime="20240108 13:50:13.175"/>
</test>
<doc>File &amp; Directory Tests</doc>
<status status="PASS" starttime="20240108 13:50:13.117" endtime="20240108 13:50:13.176"/>
</suite>
<statistics>
<total>
<stat pass="3" fail="0" skip="0">All Tests</stat>
</total>
<tag>
<stat pass="1" fail="0" skip="0">File 3</stat>
<stat pass="1" fail="0" skip="0">OS Directories</stat>
<stat pass="1" fail="0" skip="0">OS Files</stat>
</tag>
<suite>
<stat pass="3" fail="0" skip="0" id="s1" name="OperatingSystemScript">OperatingSystemScript</stat>
</suite>
</statistics>
<errors>
</errors>
</robot>
